# JRE version: Java(TM) SE Runtime Environment (8.0_65-b17) (build 1.8.0_65-b17)
# Java VM: Java HotSpot(TM) 64-Bit Server VM (25.65-b01 mixed mode windows-amd64 compressed oops)
Heap:
 PSYoungGen      total 28160K, used 5013K [0x00000000e0b80000, 0x00000000e4280000, 0x0000000100000000)
  eden space 24576K, 20% used [0x00000000e0b80000,0x00000000e1065658,0x00000000e2380000)
  from space 3584K, 0% used [0x00000000e3f00000,0x00000000e3f00000,0x00000000e4280000)
  to   space 3584K, 0% used [0x00000000e2380000,0x00000000e2380000,0x00000000e2700000)
 ParOldGen       total 52736K, used 7563K [0x00000000a2200000, 0x00000000a5580000, 0x00000000e0b80000)
  object space 52736K, 14% used [0x00000000a2200000,0x00000000a2962e10,0x00000000a5580000)
 Metaspace       used 22446K, capacity 22706K, committed 23088K, reserved 1069056K
  class space    used 2770K, capacity 2881K, committed 2944K, reserved 1048576K
GC Heap History (6 events):
Event: 1.289 GC heap before
{Heap before GC invocations=1 (full 0):
 PSYoungGen      total 28160K, used 24576K [0x00000000e0b80000, 0x00000000e2a80000, 0x0000000100000000)
  eden space 24576K, 100% used [0x00000000e0b80000,0x00000000e2380000,0x00000000e2380000)
  from space 3584K, 0% used [0x00000000e2700000,0x00000000e2700000,0x00000000e2a80000)
  to   space 3584K, 0% used [0x00000000e2380000,0x00000000e2380000,0x00000000e2700000)
 ParOldGen       total 64512K, used 0K [0x00000000a2200000, 0x00000000a6100000, 0x00000000e0b80000)
  object space 64512K, 0% used [0x00000000a2200000,0x00000000a2200000,0x00000000a6100000)
 Metaspace       used 18695K, capacity 19006K, committed 19200K, reserved 1067008K
  class space    used 2379K, capacity 2489K, committed 2560K, reserved 1048576K
Event: 1.303 GC heap after
Heap after GC invocations=1 (full 0):
 PSYoungGen      total 28160K, used 3558K [0x00000000e0b80000, 0x00000000e4280000, 0x0000000100000000)
  eden space 24576K, 0% used [0x00000000e0b80000,0x00000000e0b80000,0x00000000e2380000)
  from space 3584K, 99% used [0x00000000e2380000,0x00000000e26f9ad0,0x00000000e2700000)
  to   space 3584K, 0% used [0x00000000e3f00000,0x00000000e3f00000,0x00000000e4280000)
 ParOldGen       total 64512K, used 3904K [0x00000000a2200000, 0x00000000a6100000, 0x00000000e0b80000)
  object space 64512K, 6% used [0x00000000a2200000,0x00000000a25d0320,0x00000000a6100000)
 Metaspace       used 18695K, capacity 19006K, committed 19200K, reserved 1067008K
  class space    used 2379K, capacity 2489K, committed 2560K, reserved 1048576K
}
Event: 2.274 GC heap before
{Heap before GC invocations=2 (full 0):
 PSYoungGen      total 28160K, used 15277K [0x00000000e0b80000, 0x00000000e4280000, 0x0000000100000000)
  eden space 24576K, 47% used [0x00000000e0b80000,0x00000000e16f1ab8,0x00000000e2380000)
  from space 3584K, 99% used [0x00000000e2380000,0x00000000e26f9ad0,0x00000000e2700000)
  to   space 3584K, 0% used [0x00000000e3f00000,0x00000000e3f00000,0x00000000e4280000)
 ParOldGen       total 64512K, used 3904K [0x00000000a2200000, 0x00000000a6100000, 0x00000000e0b80000)
  object space 64512K, 6% used [0x00000000a2200000,0x00000000a25d0320,0x00000000a6100000)
 Metaspace       used 20877K, capacity 21146K, committed 21296K, reserved 1069056K
  class space    used 2596K, capacity 2685K, committed 2688K, reserved 1048576K
Event: 2.284 GC heap after
Heap after GC invocations=2 (full 0):
 PSYoungGen      total 28160K, used 3574K [0x00000000e0b80000, 0x00000000e4280000, 0x0000000100000000)
  eden space 24576K, 0% used [0x00000000e0b80000,0x00000000e0b80000,0x00000000e2380000)
  from space 3584K, 99% used [0x00000000e3f00000,0x00000000e427dab0,0x00000000e4280000)
  to   space 3584K, 0% used [0x00000000e2380000,0x00000000e2380000,0x00000000e2700000)
 ParOldGen       total 64512K, used 6205K [0x00000000a2200000, 0x00000000a6100000, 0x00000000e0b80000)
  object space 64512K, 9% used [0x00000000a2200000,0x00000000a280f6c0,0x00000000a6100000)
 Metaspace       used 20877K, capacity 21146K, committed 21296K, reserved 1069056K
  class space    used 2596K, capacity 2685K, committed 2688K, reserved 1048576K
}
Event: 2.284 GC heap before
{Heap before GC invocations=3 (full 1):
 PSYoungGen      total 28160K, used 3574K [0x00000000e0b80000, 0x00000000e4280000, 0x0000000100000000)
  eden space 24576K, 0% used [0x00000000e0b80000,0x00000000e0b80000,0x00000000e2380000)
  from space 3584K, 99% used [0x00000000e3f00000,0x00000000e427dab0,0x00000000e4280000)
  to   space 3584K, 0% used [0x00000000e2380000,0x00000000e2380000,0x00000000e2700000)
 ParOldGen       total 64512K, used 6205K [0x00000000a2200000, 0x00000000a6100000, 0x00000000e0b80000)
  object space 64512K, 9% used [0x00000000a2200000,0x00000000a280f6c0,0x00000000a6100000)
 Metaspace       used 20877K, capacity 21146K, committed 21296K, reserved 1069056K
  class space    used 2596K, capacity 2685K, committed 2688K, reserved 1048576K
Event: 2.325 GC heap after
Heap after GC invocations=3 (full 1):
 PSYoungGen      total 28160K, used 0K [0x00000000e0b80000, 0x00000000e4280000, 0x0000000100000000)
  eden space 24576K, 0% used [0x00000000e0b80000,0x00000000e0b80000,0x00000000e2380000)
  from space 3584K, 0% used [0x00000000e3f00000,0x00000000e3f00000,0x00000000e4280000)
  to   space 3584K, 0% used [0x00000000e2380000,0x00000000e2380000,0x00000000e2700000)
 ParOldGen       total 52736K, used 7563K [0x00000000a2200000, 0x00000000a5580000, 0x00000000e0b80000)
  object space 52736K, 14% used [0x00000000a2200000,0x00000000a2962e10,0x00000000a5580000)
 Metaspace       used 20877K, capacity 21146K, committed 21296K, reserved 1069056K
  class space    used 2596K, capacity 2685K, committed 2688K, reserved 1048576K
}

