# JRE version: Java(TM) SE Runtime Environment (8.0_65-b17) (build 1.8.0_65-b17)
# Java VM: Java HotSpot(TM) 64-Bit Server VM (25.65-b01 mixed mode windows-amd64 compressed oops)
Heap:
 PSYoungGen      total 52736K, used 32881K [0x00000000e0b80000, 0x00000000e4280000, 0x0000000100000000)
  eden space 49152K, 66% used [0x00000000e0b80000,0x00000000e2b9c758,0x00000000e3b80000)
  from space 3584K, 0% used [0x00000000e3f00000,0x00000000e3f00000,0x00000000e4280000)
  to   space 3584K, 0% used [0x00000000e3b80000,0x00000000e3b80000,0x00000000e3f00000)
 ParOldGen       total 55296K, used 7480K [0x00000000a2200000, 0x00000000a5800000, 0x00000000e0b80000)
  object space 55296K, 13% used [0x00000000a2200000,0x00000000a294e3c8,0x00000000a5800000)
 Metaspace       used 26506K, capacity 26806K, committed 27008K, reserved 1073152K
  class space    used 3244K, capacity 3361K, committed 3456K, reserved 1048576K
GC Heap History (6 events):
Event: 1.231 GC heap before
{Heap before GC invocations=1 (full 0):
 PSYoungGen      total 28160K, used 24576K [0x00000000e0b80000, 0x00000000e2a80000, 0x0000000100000000)
  eden space 24576K, 100% used [0x00000000e0b80000,0x00000000e2380000,0x00000000e2380000)
  from space 3584K, 0% used [0x00000000e2700000,0x00000000e2700000,0x00000000e2a80000)
  to   space 3584K, 0% used [0x00000000e2380000,0x00000000e2380000,0x00000000e2700000)
 ParOldGen       total 64512K, used 0K [0x00000000a2200000, 0x00000000a6100000, 0x00000000e0b80000)
  object space 64512K, 0% used [0x00000000a2200000,0x00000000a2200000,0x00000000a6100000)
 Metaspace       used 18703K, capacity 19014K, committed 19200K, reserved 1067008K
  class space    used 2381K, capacity 2489K, committed 2560K, reserved 1048576K
Event: 1.246 GC heap after
Heap after GC invocations=1 (full 0):
 PSYoungGen      total 28160K, used 3570K [0x00000000e0b80000, 0x00000000e4280000, 0x0000000100000000)
  eden space 24576K, 0% used [0x00000000e0b80000,0x00000000e0b80000,0x00000000e2380000)
  from space 3584K, 99% used [0x00000000e2380000,0x00000000e26fcb28,0x00000000e2700000)
  to   space 3584K, 0% used [0x00000000e3f00000,0x00000000e3f00000,0x00000000e4280000)
 ParOldGen       total 64512K, used 5160K [0x00000000a2200000, 0x00000000a6100000, 0x00000000e0b80000)
  object space 64512K, 7% used [0x00000000a2200000,0x00000000a270a120,0x00000000a6100000)
 Metaspace       used 18703K, capacity 19014K, committed 19200K, reserved 1067008K
  class space    used 2381K, capacity 2489K, committed 2560K, reserved 1048576K
}
Event: 2.112 GC heap before
{Heap before GC invocations=2 (full 0):
 PSYoungGen      total 28160K, used 15258K [0x00000000e0b80000, 0x00000000e4280000, 0x0000000100000000)
  eden space 24576K, 47% used [0x00000000e0b80000,0x00000000e16e9d80,0x00000000e2380000)
  from space 3584K, 99% used [0x00000000e2380000,0x00000000e26fcb28,0x00000000e2700000)
  to   space 3584K, 0% used [0x00000000e3f00000,0x00000000e3f00000,0x00000000e4280000)
 ParOldGen       total 64512K, used 5160K [0x00000000a2200000, 0x00000000a6100000, 0x00000000e0b80000)
  object space 64512K, 7% used [0x00000000a2200000,0x00000000a270a120,0x00000000a6100000)
 Metaspace       used 20878K, capacity 21144K, committed 21296K, reserved 1069056K
  class space    used 2596K, capacity 2684K, committed 2688K, reserved 1048576K
Event: 2.122 GC heap after
Heap after GC invocations=2 (full 0):
 PSYoungGen      total 52736K, used 3570K [0x00000000e0b80000, 0x00000000e4280000, 0x0000000100000000)
  eden space 49152K, 0% used [0x00000000e0b80000,0x00000000e0b80000,0x00000000e3b80000)
  from space 3584K, 99% used [0x00000000e3f00000,0x00000000e427cb48,0x00000000e4280000)
  to   space 3584K, 0% used [0x00000000e3b80000,0x00000000e3b80000,0x00000000e3f00000)
 ParOldGen       total 64512K, used 7497K [0x00000000a2200000, 0x00000000a6100000, 0x00000000e0b80000)
  object space 64512K, 11% used [0x00000000a2200000,0x00000000a2952470,0x00000000a6100000)
 Metaspace       used 20878K, capacity 21144K, committed 21296K, reserved 1069056K
  class space    used 2596K, capacity 2684K, committed 2688K, reserved 1048576K
}
Event: 2.122 GC heap before
{Heap before GC invocations=3 (full 1):
 PSYoungGen      total 52736K, used 3570K [0x00000000e0b80000, 0x00000000e4280000, 0x0000000100000000)
  eden space 49152K, 0% used [0x00000000e0b80000,0x00000000e0b80000,0x00000000e3b80000)
  from space 3584K, 99% used [0x00000000e3f00000,0x00000000e427cb48,0x00000000e4280000)
  to   space 3584K, 0% used [0x00000000e3b80000,0x00000000e3b80000,0x00000000e3f00000)
 ParOldGen       total 64512K, used 7497K [0x00000000a2200000, 0x00000000a6100000, 0x00000000e0b80000)
  object space 64512K, 11% used [0x00000000a2200000,0x00000000a2952470,0x00000000a6100000)
 Metaspace       used 20878K, capacity 21144K, committed 21296K, reserved 1069056K
  class space    used 2596K, capacity 2684K, committed 2688K, reserved 1048576K
Event: 2.172 GC heap after
Heap after GC invocations=3 (full 1):
 PSYoungGen      total 52736K, used 0K [0x00000000e0b80000, 0x00000000e4280000, 0x0000000100000000)
  eden space 49152K, 0% used [0x00000000e0b80000,0x00000000e0b80000,0x00000000e3b80000)
  from space 3584K, 0% used [0x00000000e3f00000,0x00000000e3f00000,0x00000000e4280000)
  to   space 3584K, 0% used [0x00000000e3b80000,0x00000000e3b80000,0x00000000e3f00000)
 ParOldGen       total 55296K, used 7480K [0x00000000a2200000, 0x00000000a5800000, 0x00000000e0b80000)
  object space 55296K, 13% used [0x00000000a2200000,0x00000000a294e3c8,0x00000000a5800000)
 Metaspace       used 20878K, capacity 21144K, committed 21296K, reserved 1069056K
  class space    used 2596K, capacity 2684K, committed 2688K, reserved 1048576K
}

