# JRE version: Java(TM) SE Runtime Environment (8.0_65-b17) (build 1.8.0_65-b17)
# Java VM: Java HotSpot(TM) 64-Bit Server VM (25.65-b01 mixed mode windows-amd64 compressed oops)
Heap:
 PSYoungGen      total 28160K, used 5119K [0x00000000e0b80000, 0x00000000e2a80000, 0x0000000100000000)
  eden space 24576K, 20% used [0x00000000e0b80000,0x00000000e107fd30,0x00000000e2380000)
  from space 3584K, 0% used [0x00000000e2700000,0x00000000e2700000,0x00000000e2a80000)
  to   space 3584K, 0% used [0x00000000e2380000,0x00000000e2380000,0x00000000e2700000)
 ParOldGen       total 54784K, used 7571K [0x00000000a2200000, 0x00000000a5780000, 0x00000000e0b80000)
  object space 54784K, 13% used [0x00000000a2200000,0x00000000a2964d48,0x00000000a5780000)
 Metaspace       used 22273K, capacity 22498K, committed 22832K, reserved 1069056K
  class space    used 2745K, capacity 2851K, committed 2944K, reserved 1048576K
GC Heap History (6 events):
Event: 1.294 GC heap before
{Heap before GC invocations=1 (full 0):
 PSYoungGen      total 28160K, used 24576K [0x00000000e0b80000, 0x00000000e2a80000, 0x0000000100000000)
  eden space 24576K, 100% used [0x00000000e0b80000,0x00000000e2380000,0x00000000e2380000)
  from space 3584K, 0% used [0x00000000e2700000,0x00000000e2700000,0x00000000e2a80000)
  to   space 3584K, 0% used [0x00000000e2380000,0x00000000e2380000,0x00000000e2700000)
 ParOldGen       total 64512K, used 0K [0x00000000a2200000, 0x00000000a6100000, 0x00000000e0b80000)
  object space 64512K, 0% used [0x00000000a2200000,0x00000000a2200000,0x00000000a6100000)
 Metaspace       used 18643K, capacity 18946K, committed 19200K, reserved 1067008K
  class space    used 2376K, capacity 2489K, committed 2560K, reserved 1048576K
Event: 1.306 GC heap after
Heap after GC invocations=1 (full 0):
 PSYoungGen      total 28160K, used 3574K [0x00000000e0b80000, 0x00000000e2a80000, 0x0000000100000000)
  eden space 24576K, 0% used [0x00000000e0b80000,0x00000000e0b80000,0x00000000e2380000)
  from space 3584K, 99% used [0x00000000e2380000,0x00000000e26fdab0,0x00000000e2700000)
  to   space 3584K, 0% used [0x00000000e2700000,0x00000000e2700000,0x00000000e2a80000)
 ParOldGen       total 64512K, used 3954K [0x00000000a2200000, 0x00000000a6100000, 0x00000000e0b80000)
  object space 64512K, 6% used [0x00000000a2200000,0x00000000a25dcb18,0x00000000a6100000)
 Metaspace       used 18643K, capacity 18946K, committed 19200K, reserved 1067008K
  class space    used 2376K, capacity 2489K, committed 2560K, reserved 1048576K
}
Event: 2.169 GC heap before
{Heap before GC invocations=2 (full 0):
 PSYoungGen      total 28160K, used 15248K [0x00000000e0b80000, 0x00000000e2a80000, 0x0000000100000000)
  eden space 24576K, 47% used [0x00000000e0b80000,0x00000000e16e65b0,0x00000000e2380000)
  from space 3584K, 99% used [0x00000000e2380000,0x00000000e26fdab0,0x00000000e2700000)
  to   space 3584K, 0% used [0x00000000e2700000,0x00000000e2700000,0x00000000e2a80000)
 ParOldGen       total 64512K, used 3954K [0x00000000a2200000, 0x00000000a6100000, 0x00000000e0b80000)
  object space 64512K, 6% used [0x00000000a2200000,0x00000000a25dcb18,0x00000000a6100000)
 Metaspace       used 20809K, capacity 21086K, committed 21296K, reserved 1069056K
  class space    used 2588K, capacity 2685K, committed 2688K, reserved 1048576K
Event: 2.179 GC heap after
Heap after GC invocations=2 (full 0):
 PSYoungGen      total 28160K, used 3552K [0x00000000e0b80000, 0x00000000e2a80000, 0x0000000100000000)
  eden space 24576K, 0% used [0x00000000e0b80000,0x00000000e0b80000,0x00000000e2380000)
  from space 3584K, 99% used [0x00000000e2700000,0x00000000e2a78128,0x00000000e2a80000)
  to   space 3584K, 0% used [0x00000000e2380000,0x00000000e2380000,0x00000000e2700000)
 ParOldGen       total 64512K, used 6379K [0x00000000a2200000, 0x00000000a6100000, 0x00000000e0b80000)
  object space 64512K, 9% used [0x00000000a2200000,0x00000000a283af88,0x00000000a6100000)
 Metaspace       used 20809K, capacity 21086K, committed 21296K, reserved 1069056K
  class space    used 2588K, capacity 2685K, committed 2688K, reserved 1048576K
}
Event: 2.179 GC heap before
{Heap before GC invocations=3 (full 1):
 PSYoungGen      total 28160K, used 3552K [0x00000000e0b80000, 0x00000000e2a80000, 0x0000000100000000)
  eden space 24576K, 0% used [0x00000000e0b80000,0x00000000e0b80000,0x00000000e2380000)
  from space 3584K, 99% used [0x00000000e2700000,0x00000000e2a78128,0x00000000e2a80000)
  to   space 3584K, 0% used [0x00000000e2380000,0x00000000e2380000,0x00000000e2700000)
 ParOldGen       total 64512K, used 6379K [0x00000000a2200000, 0x00000000a6100000, 0x00000000e0b80000)
  object space 64512K, 9% used [0x00000000a2200000,0x00000000a283af88,0x00000000a6100000)
 Metaspace       used 20809K, capacity 21086K, committed 21296K, reserved 1069056K
  class space    used 2588K, capacity 2685K, committed 2688K, reserved 1048576K
Event: 2.234 GC heap after
Heap after GC invocations=3 (full 1):
 PSYoungGen      total 28160K, used 0K [0x00000000e0b80000, 0x00000000e2a80000, 0x0000000100000000)
  eden space 24576K, 0% used [0x00000000e0b80000,0x00000000e0b80000,0x00000000e2380000)
  from space 3584K, 0% used [0x00000000e2700000,0x00000000e2700000,0x00000000e2a80000)
  to   space 3584K, 0% used [0x00000000e2380000,0x00000000e2380000,0x00000000e2700000)
 ParOldGen       total 54784K, used 7571K [0x00000000a2200000, 0x00000000a5780000, 0x00000000e0b80000)
  object space 54784K, 13% used [0x00000000a2200000,0x00000000a2964d48,0x00000000a5780000)
 Metaspace       used 20809K, capacity 21086K, committed 21296K, reserved 1069056K
  class space    used 2588K, capacity 2685K, committed 2688K, reserved 1048576K
}

