# JRE version: Java(TM) SE Runtime Environment (8.0_65-b17) (build 1.8.0_65-b17)
# Java VM: Java HotSpot(TM) 64-Bit Server VM (25.65-b01 mixed mode windows-amd64 compressed oops)
Heap:
 PSYoungGen      total 46080K, used 10369K [0x00000000e0b80000, 0x00000000e4880000, 0x0000000100000000)
  eden space 31744K, 29% used [0x00000000e0b80000,0x00000000e14c8148,0x00000000e2a80000)
  from space 14336K, 6% used [0x00000000e2b00000,0x00000000e2bd8480,0x00000000e3900000)
  to   space 15360K, 0% used [0x00000000e3980000,0x00000000e3980000,0x00000000e4880000)
 ParOldGen       total 54784K, used 25888K [0x00000000a2200000, 0x00000000a5780000, 0x00000000e0b80000)
  object space 54784K, 47% used [0x00000000a2200000,0x00000000a3b48170,0x00000000a5780000)
 Metaspace       used 28603K, capacity 29016K, committed 29056K, reserved 1075200K
  class space    used 3317K, capacity 3450K, committed 3456K, reserved 1048576K
GC Heap History (10 events):
Event: 391.032 GC heap before
{Heap before GC invocations=20 (full 1):
 PSYoungGen      total 48640K, used 45892K [0x00000000e0b80000, 0x00000000e4a00000, 0x0000000100000000)
  eden space 34304K, 100% used [0x00000000e0b80000,0x00000000e2d00000,0x00000000e2d00000)
  from space 14336K, 80% used [0x00000000e3c00000,0x00000000e4751378,0x00000000e4a00000)
  to   space 14848K, 0% used [0x00000000e2d00000,0x00000000e2d00000,0x00000000e3b80000)
 ParOldGen       total 54784K, used 21363K [0x00000000a2200000, 0x00000000a5780000, 0x00000000e0b80000)
  object space 54784K, 38% used [0x00000000a2200000,0x00000000a36dcda0,0x00000000a5780000)
 Metaspace       used 28397K, capacity 28792K, committed 29056K, reserved 1075200K
  class space    used 3311K, capacity 3418K, committed 3456K, reserved 1048576K
Event: 391.045 GC heap after
Heap after GC invocations=20 (full 1):
 PSYoungGen      total 41984K, used 7880K [0x00000000e0b80000, 0x00000000e4980000, 0x0000000100000000)
  eden space 33792K, 0% used [0x00000000e0b80000,0x00000000e0b80000,0x00000000e2c80000)
  from space 8192K, 96% used [0x00000000e2d00000,0x00000000e34b2120,0x00000000e3500000)
  to   space 14848K, 0% used [0x00000000e3b00000,0x00000000e3b00000,0x00000000e4980000)
 ParOldGen       total 54784K, used 22183K [0x00000000a2200000, 0x00000000a5780000, 0x00000000e0b80000)
  object space 54784K, 40% used [0x00000000a2200000,0x00000000a37a9dd0,0x00000000a5780000)
 Metaspace       used 28397K, capacity 28792K, committed 29056K, reserved 1075200K
  class space    used 3311K, capacity 3418K, committed 3456K, reserved 1048576K
}
Event: 408.107 GC heap before
{Heap before GC invocations=21 (full 1):
 PSYoungGen      total 41984K, used 41672K [0x00000000e0b80000, 0x00000000e4980000, 0x0000000100000000)
  eden space 33792K, 100% used [0x00000000e0b80000,0x00000000e2c80000,0x00000000e2c80000)
  from space 8192K, 96% used [0x00000000e2d00000,0x00000000e34b2120,0x00000000e3500000)
  to   space 14848K, 0% used [0x00000000e3b00000,0x00000000e3b00000,0x00000000e4980000)
 ParOldGen       total 54784K, used 22183K [0x00000000a2200000, 0x00000000a5780000, 0x00000000e0b80000)
  object space 54784K, 40% used [0x00000000a2200000,0x00000000a37a9dd0,0x00000000a5780000)
 Metaspace       used 28426K, capacity 28856K, committed 29056K, reserved 1075200K
  class space    used 3311K, capacity 3418K, committed 3456K, reserved 1048576K
Event: 408.113 GC heap after
Heap after GC invocations=21 (full 1):
 PSYoungGen      total 47616K, used 4691K [0x00000000e0b80000, 0x00000000e4900000, 0x0000000100000000)
  eden space 33280K, 0% used [0x00000000e0b80000,0x00000000e0b80000,0x00000000e2c00000)
  from space 14336K, 32% used [0x00000000e3b00000,0x00000000e3f94c90,0x00000000e4900000)
  to   space 14848K, 0% used [0x00000000e2c00000,0x00000000e2c00000,0x00000000e3a80000)
 ParOldGen       total 54784K, used 22815K [0x00000000a2200000, 0x00000000a5780000, 0x00000000e0b80000)
  object space 54784K, 41% used [0x00000000a2200000,0x00000000a3847dd0,0x00000000a5780000)
 Metaspace       used 28426K, capacity 28856K, committed 29056K, reserved 1075200K
  class space    used 3311K, capacity 3418K, committed 3456K, reserved 1048576K
}
Event: 457.495 GC heap before
{Heap before GC invocations=22 (full 1):
 PSYoungGen      total 47616K, used 37971K [0x00000000e0b80000, 0x00000000e4900000, 0x0000000100000000)
  eden space 33280K, 100% used [0x00000000e0b80000,0x00000000e2c00000,0x00000000e2c00000)
  from space 14336K, 32% used [0x00000000e3b00000,0x00000000e3f94c90,0x00000000e4900000)
  to   space 14848K, 0% used [0x00000000e2c00000,0x00000000e2c00000,0x00000000e3a80000)
 ParOldGen       total 54784K, used 22815K [0x00000000a2200000, 0x00000000a5780000, 0x00000000e0b80000)
  object space 54784K, 41% used [0x00000000a2200000,0x00000000a3847dd0,0x00000000a5780000)
 Metaspace       used 28464K, capacity 28920K, committed 29056K, reserved 1075200K
  class space    used 3311K, capacity 3418K, committed 3456K, reserved 1048576K
Event: 457.504 GC heap after
Heap after GC invocations=22 (full 1):
 PSYoungGen      total 39424K, used 6243K [0x00000000e0b80000, 0x00000000e4880000, 0x0000000100000000)
  eden space 32768K, 0% used [0x00000000e0b80000,0x00000000e0b80000,0x00000000e2b80000)
  from space 6656K, 93% used [0x00000000e2c00000,0x00000000e3218f70,0x00000000e3280000)
  to   space 14848K, 0% used [0x00000000e3a00000,0x00000000e3a00000,0x00000000e4880000)
 ParOldGen       total 54784K, used 24411K [0x00000000a2200000, 0x00000000a5780000, 0x00000000e0b80000)
  object space 54784K, 44% used [0x00000000a2200000,0x00000000a39d6fa0,0x00000000a5780000)
 Metaspace       used 28464K, capacity 28920K, committed 29056K, reserved 1075200K
  class space    used 3311K, capacity 3418K, committed 3456K, reserved 1048576K
}
Event: 480.443 GC heap before
{Heap before GC invocations=23 (full 1):
 PSYoungGen      total 39424K, used 39011K [0x00000000e0b80000, 0x00000000e4880000, 0x0000000100000000)
  eden space 32768K, 100% used [0x00000000e0b80000,0x00000000e2b80000,0x00000000e2b80000)
  from space 6656K, 93% used [0x00000000e2c00000,0x00000000e3218f70,0x00000000e3280000)
  to   space 14848K, 0% used [0x00000000e3a00000,0x00000000e3a00000,0x00000000e4880000)
 ParOldGen       total 54784K, used 24411K [0x00000000a2200000, 0x00000000a5780000, 0x00000000e0b80000)
  object space 54784K, 44% used [0x00000000a2200000,0x00000000a39d6fa0,0x00000000a5780000)
 Metaspace       used 28527K, capacity 28952K, committed 29056K, reserved 1075200K
  class space    used 3314K, capacity 3450K, committed 3456K, reserved 1048576K
Event: 480.459 GC heap after
Heap after GC invocations=23 (full 1):
 PSYoungGen      total 45568K, used 7257K [0x00000000e0b80000, 0x00000000e4700000, 0x0000000100000000)
  eden space 32256K, 0% used [0x00000000e0b80000,0x00000000e0b80000,0x00000000e2b00000)
  from space 13312K, 54% used [0x00000000e3a00000,0x00000000e41164d0,0x00000000e4700000)
  to   space 14336K, 0% used [0x00000000e2b00000,0x00000000e2b00000,0x00000000e3900000)
 ParOldGen       total 54784K, used 25792K [0x00000000a2200000, 0x00000000a5780000, 0x00000000e0b80000)
  object space 54784K, 47% used [0x00000000a2200000,0x00000000a3b30170,0x00000000a5780000)
 Metaspace       used 28527K, capacity 28952K, committed 29056K, reserved 1075200K
  class space    used 3314K, capacity 3450K, committed 3456K, reserved 1048576K
}
Event: 501.581 GC heap before
{Heap before GC invocations=24 (full 1):
 PSYoungGen      total 45568K, used 39513K [0x00000000e0b80000, 0x00000000e4700000, 0x0000000100000000)
  eden space 32256K, 100% used [0x00000000e0b80000,0x00000000e2b00000,0x00000000e2b00000)
  from space 13312K, 54% used [0x00000000e3a00000,0x00000000e41164d0,0x00000000e4700000)
  to   space 14336K, 0% used [0x00000000e2b00000,0x00000000e2b00000,0x00000000e3900000)
 ParOldGen       total 54784K, used 25792K [0x00000000a2200000, 0x00000000a5780000, 0x00000000e0b80000)
  object space 54784K, 47% used [0x00000000a2200000,0x00000000a3b30170,0x00000000a5780000)
 Metaspace       used 28600K, capacity 29016K, committed 29056K, reserved 1075200K
  class space    used 3317K, capacity 3450K, committed 3456K, reserved 1048576K
Event: 501.584 GC heap after
Heap after GC invocations=24 (full 1):
 PSYoungGen      total 46080K, used 865K [0x00000000e0b80000, 0x00000000e4880000, 0x0000000100000000)
  eden space 31744K, 0% used [0x00000000e0b80000,0x00000000e0b80000,0x00000000e2a80000)
  from space 14336K, 6% used [0x00000000e2b00000,0x00000000e2bd8480,0x00000000e3900000)
  to   space 15360K, 0% used [0x00000000e3980000,0x00000000e3980000,0x00000000e4880000)
 ParOldGen       total 54784K, used 25888K [0x00000000a2200000, 0x00000000a5780000, 0x00000000e0b80000)
  object space 54784K, 47% used [0x00000000a2200000,0x00000000a3b48170,0x00000000a5780000)
 Metaspace       used 28600K, capacity 29016K, committed 29056K, reserved 1075200K
  class space    used 3317K, capacity 3450K, committed 3456K, reserved 1048576K
}

